SQL> 
SQL> --1/WAQTD NUMBER EMPLOYEES GETTING LESS THAN SAL 2000 DEPTNO 10--


  1  SELECT COUNT(*)
  2  FROM EMP
  3* WHERE DEPTNO=10 AND SAL<2000;
SQL> 

  COUNT(*)                                                                                          
----------                                                                                          
         1                                                                                          

SQL> 
SQL> --2.
SQL> SELECT SUM(SAL)
  2  FROM EMP
  3  WHERE JOB='CLERK';

  SUM(SAL)                                                                                          
----------                                                                                          
      4150                                                                                          




SQL> --3.WAQTD AVARAGE SALARY NEEDED TO PAY ALL THE EMPLOYEE---
SQL> 
SQL> SELECT AVG(SAL)
  2  FROM EMP;

  AVG(SAL)                                                                                          
----------                                                                                          
2073.21429                                                                                          



SQL> --4.
SQL> 
SQL> SELECT COUNT(*)
  2  FROM EMP
  3  WHERE ENAME LIKE 'A%';

  COUNT(*)                                                                                          
----------                                                                                          
         2                                                                                          



SQL> --5.

  1  SELECT COUNT(*)
  2  FROM EMP
  3  WHERE JOB IN ('MANAGER','CLERK');

  COUNT(*)                                                                                          
----------                                                                                          
         7                                                                                          




SQL> --6.--
SQL> SELECT SUM(SAL)
  2  FROM EMP
  3  WHERE  HIREDATE LIKE '%FEB%';

  SUM(SAL)                                                                                          
----------                                                                                          
      2850                                                                                          




SQL> --7.
SQL> 
SQL> SELECT COUNT(*)
  2  FROM EMP
  3  WHERE MGR=7839;

  COUNT(*)                                                                                          
----------                                                                                          
         3                                                                                          



SQL> --8.
SQL> SELECT COUNT (*)
  2  FROM EMP
  3  WHERE COMM IS NOT NULL AND DEPTNO=30;

  COUNT(*)                                                                                          
----------                                                                                          
         4                                                                                          




SQL> --9.
SQL> SELECT AVG(SAL),SUM(SAL),COUNT(*),MAX(SAL)
  2  FROM EMP
  3  WHERE JOB='PRESIDENT';

  AVG(SAL)   SUM(SAL)   COUNT(*)   MAX(SAL)                                                         
---------- ---------- ---------- ----------                                                         
      5000       5000          1       5000                                                         



SQL> --10.
SQL> SELECT COUNT(*)
  2  FROM EMP
  3  WHERE ENAME LIKE '%A%';

  COUNT(*)                                                                                          
----------                                                                                          
         7                                                                                          




SQL> --11.
SQL> SELECT COUNT(*),SUM(SAL)
  2  FROM EMP
  3  WHERE ENAME LIKE '%LL%';

  COUNT(*)   SUM(SAL)                                                                               
---------- ----------                                                                               
         2       2900                                                                               



SQL> --12.
SQL> SELECT COUNT(DEPTNO)
  2  FROM EMP;

COUNT(DEPTNO)                                                                                       
-------------                                                                                       
           14                                                                                       



  1* SELECT * FROM EMP
SQL> /

     EMPNO ENAME      JOB              MGR HIREDATE         SAL       COMM     DEPTNO               
---------- ---------- --------- ---------- --------- ---------- ---------- ----------               
      7369 SMITH      CLERK           7902 17-DEC-80        800                    20               
      7499 ALLEN      SALESMAN        7698 20-FEB-81       1600        300         30               
      7521 WARD       SALESMAN        7698 22-FEB-81       1250        500         30               
      7566 JONES      MANAGER         7839 02-APR-81       2975                    20               
      7654 MARTIN     SALESMAN        7698 28-SEP-81       1250       1400         30               
      7698 BLAKE      MANAGER         7839 01-MAY-81       2850                    30               
      7782 CLARK      MANAGER         7839 09-JUN-81       2450                    10               
      7788 SCOTT      ANALYST         7566 19-APR-87       3000                    20               
      7839 KING       PRESIDENT            17-NOV-81       5000                    10               
      7844 TURNER     SALESMAN        7698 08-SEP-81       1500          0         30               
      7876 ADAMS      CLERK           7788 23-MAY-87       1100                    20               
      7900 JAMES      CLERK           7698 03-DEC-81        950                    30               
      7902 FORD       ANALYST         7566 03-DEC-81       3000                    20               
      7934 MILLER     CLERK           7782 23-JAN-82       1300                    10               

14 rows selected.
                                                                                     

SQL> --13.
SQL> 
SQL> SELECT COUNT(*)
  2  FROM EMP WHERE ENAME LIKE '%!_%';

  COUNT(*)                                                                                          
----------                                                                                          
         0                                                                                          



SQL> --14.
SQL> SELECT COUNT(*)
  2  FROM EMP
  3  WHERE ENAME LIKE '%!%!%%';

  COUNT(*)                                                                                          
----------                                                                                          
         0                                                                                          




SQL> --15.
SQL> SELECT SUM(SAL)
  2  FROM EMP
  3  WHERE JOB='CLERK' AND DEPTNO=30;

  SUM(SAL)                                                                                          
----------                                                                                          
       950                                                                                          




SQL> --16.
SQL> SELECT MAX(SAL)
  2  FROM EMP
  3  WHERE JOB='ANALYST';

  MAX(SAL)                                                                                          
----------                                                                                          
      3000                                                                                          



SQL> --17.



  1  SELECT DISTINCT COUNT(*)
  2  FROM EMP

  COUNT(*)                                                                                          
----------                                                                                          
        14                                                                                          


 
SQL> --18.
SQL> SELECT COUNT(JOB)
  2  FROM EMP;

COUNT(JOB)                                                                                          
----------                                                                                          
        14                                                                                          


 
SQL> --19.
SQL> SELECT AVG(SAL)
  2  FROM EMP
  3  WHERE JOB='CLERK';

  AVG(SAL)                                                                                          
----------                                                                                          
    1037.5                                                                                          


 
SQL> --20.
SQL> SELECT MIN(SAL)
  2  FROM EMP
  3  WHERE DEPTNO=10 AND JOB IN ('CLERK','MANAGER');

  MIN(SAL)                                                                                          
----------                                                                                          
      1300                                                                                          

SQL>
